<?xml version="1.0" encoding="UTF-8"?>
<!-- Generated by org.testng.reporters.JUnitXMLReporter -->
<testsuite ignored="0" hostname="DESKTOP-6JN20UJ" failures="0" tests="3" name="Default test" time="0.175" errors="0" timestamp="2021-05-24T18:46:20 IST">
  <testcase classname="mavenproject1.testng.Dataprovider_Test" name="setdata" time="0.013"/>
  <testcase classname="mavenproject1.testng.Dataprovider_Test" name="setdata" time="0.006"/>
  <testcase classname="mavenproject1.testng.Dataprovider_Test" name="setdata" time="0.017"/>
</testsuite> <!-- Default test -->
