<?xml version="1.0" encoding="UTF-8"?>
<testng-results ignored="0" total="3" passed="3" failed="0" skipped="0">
  <reporter-output>
  </reporter-output>
  <suite started-at="2021-05-24T18:46:20 IST" name="Default suite" finished-at="2021-05-24T18:46:20 IST" duration-ms="175">
    <groups>
    </groups>
    <test started-at="2021-05-24T18:46:20 IST" name="Default test" finished-at="2021-05-24T18:46:20 IST" duration-ms="175">
      <class name="mavenproject1.testng.Dataprovider_Test">
        <test-method signature="setdata(java.lang.String, java.lang.String)[pri:0, instance:mavenproject1.testng.Dataprovider_Test@1a4013]" started-at="2021-05-24T18:46:20 IST" name="setdata" data-provider="getdata" finished-at="2021-05-24T18:46:20 IST" duration-ms="13" status="PASS">
          <params>
            <param index="0">
              <value>
                <![CDATA[pradeep]]>
              </value>
            </param>
            <param index="1">
              <value>
                <![CDATA[227]]>
              </value>
            </param>
          </params>
          <reporter-output>
          </reporter-output>
        </test-method> <!-- setdata -->
        <test-method signature="setdata(java.lang.String, java.lang.String)[pri:0, instance:mavenproject1.testng.Dataprovider_Test@1a4013]" started-at="2021-05-24T18:46:20 IST" name="setdata" data-provider="getdata" finished-at="2021-05-24T18:46:20 IST" duration-ms="6" status="PASS">
          <params>
            <param index="0">
              <value>
                <![CDATA[amreen]]>
              </value>
            </param>
            <param index="1">
              <value>
                <![CDATA[228]]>
              </value>
            </param>
          </params>
          <reporter-output>
          </reporter-output>
        </test-method> <!-- setdata -->
        <test-method signature="setdata(java.lang.String, java.lang.String)[pri:0, instance:mavenproject1.testng.Dataprovider_Test@1a4013]" started-at="2021-05-24T18:46:20 IST" name="setdata" data-provider="getdata" finished-at="2021-05-24T18:46:20 IST" duration-ms="17" status="PASS">
          <params>
            <param index="0">
              <value>
                <![CDATA[ayesha]]>
              </value>
            </param>
            <param index="1">
              <value>
                <![CDATA[229]]>
              </value>
            </param>
          </params>
          <reporter-output>
          </reporter-output>
        </test-method> <!-- setdata -->
      </class> <!-- mavenproject1.testng.Dataprovider_Test -->
    </test> <!-- Default test -->
  </suite> <!-- Default suite -->
</testng-results>
